<?xml version="1.0" encoding="UTF-8"?>
<!-- Generated by org.testng.reporters.JUnitXMLReporter -->
<testsuite ignored="2" hostname="DESKTOP-B3B1BPQ" failures="0" tests="2" name="Test" time="0.065" errors="0" timestamp="2023-03-21T19:05:13 PDT">
  <testcase classname="testng.Proj1_Basics1" name="FirstMethod" time="0.009"/>
  <testcase classname="testng.Proj1_Basics2" name="FourthMethod" time="0.001"/>
  <testcase classname="testng.Proj1_Basics1" name="SecondMethod" time="0.0">
    <ignored/>
  </testcase> <!-- SecondMethod -->
  <testcase classname="testng.Proj1_Basics2" name="ThirdMethod" time="0.0">
    <ignored/>
  </testcase> <!-- ThirdMethod -->
</testsuite> <!-- Test -->
