<?xml version="1.0" encoding="UTF-8"?>
<!-- Generated by org.testng.reporters.JUnitXMLReporter -->
<testsuite ignored="0" hostname="DESKTOP-B3B1BPQ" failures="0" tests="5" name="Test2" time="0.1" errors="0" timestamp="2023-03-27T19:45:28 PDT">
  <testcase classname="testng.Proj1_Basics3" name="FifthMethod" time="0.006"/>
  <testcase classname="testng.Proj1_Basics3" name="SeventhMethod" time="0.002"/>
  <testcase classname="testng.Proj1_Basics3" name="SeventhMethod" time="0.001"/>
  <testcase classname="testng.Proj1_Basics3" name="SeventhMethod" time="0.001"/>
  <testcase classname="testng.Proj1_Basics3" name="SixthMethod" time="0.001"/>
</testsuite> <!-- Test2 -->
