<?xml version="1.0" encoding="UTF-8"?>
<!-- Generated by org.testng.reporters.JUnitXMLReporter -->
<testsuite ignored="3" hostname="DESKTOP-B3B1BPQ" failures="1" tests="4" name="Test1" time="0.133" errors="0" timestamp="2023-03-27T19:45:28 PDT">
  <testcase classname="testng.Proj1_Basics2" name="FourthMethod" time="0.011"/>
  <testcase classname="testng.Proj1_Basics1" name="SecondMethod1" time="0.02"/>
  <testcase classname="testng.Proj1_Basics1" name="FirstMethod" time="0.007"/>
  <testcase classname="testng.Proj1_Basics1" name="SecondMethod2" time="0.003">
    <failure type="java.lang.AssertionError" message="expected [true] but found [false]">
      <![CDATA[java.lang.AssertionError: expected [true] but found [false]
at testng.Proj1_Basics1.SecondMethod2(Proj1_Basics1.java:43)
at java.base/java.util.concurrent.ThreadPoolExecutor.runWorker(ThreadPoolExecutor.java:1130)
at java.base/java.util.concurrent.ThreadPoolExecutor$Worker.run(ThreadPoolExecutor.java:630)
at java.base/java.lang.Thread.run(Thread.java:832)
... Removed 16 stack frames]]>
    </failure>
  </testcase> <!-- SecondMethod2 -->
  <testcase classname="testng.Proj1_Basics2" name="ThirdMethod" time="0.0">
    <ignored/>
  </testcase> <!-- ThirdMethod -->
  <testcase classname="testng.Proj1_Basics1" name="RegexMethod" time="0.0">
    <ignored/>
  </testcase> <!-- RegexMethod -->
  <testcase classname="testng.Proj1_Basics1" name="RegexMethod1" time="0.0">
    <ignored/>
  </testcase> <!-- RegexMethod1 -->
</testsuite> <!-- Test1 -->
