<?xml version="1.0" encoding="UTF-8"?>
<testng-results ignored="3" total="12" passed="8" failed="1" skipped="0">
  <reporter-output>
  </reporter-output>
  <suite started-at="2023-03-27T19:45:27 PDT" name="Suite" finished-at="2023-03-27T19:45:28 PDT" duration-ms="133">
    <groups>
      <group name="Smoke">
        <method signature="Proj1_Basics1.SecondMethod1()[pri:0, instance:testng.Proj1_Basics1@17497425]" name="SecondMethod1" class="testng.Proj1_Basics1"/>
        <method signature="Proj1_Basics2.FourthMethod()[pri:0, instance:testng.Proj1_Basics2@437da279]" name="FourthMethod" class="testng.Proj1_Basics2"/>
        <method signature="Proj1_Basics3.FifthMethod()[pri:0, instance:testng.Proj1_Basics3@d86a6f]" name="FifthMethod" class="testng.Proj1_Basics3"/>
      </group> <!-- Smoke -->
    </groups>
    <test started-at="2023-03-27T19:45:27 PDT" name="Test2" finished-at="2023-03-27T19:45:28 PDT" duration-ms="100">
      <class name="testng.Proj1_Basics2">
        <test-method is-config="true" signature="FirstInSuite()[pri:0, instance:testng.Proj1_Basics2@437da279]" started-at="2023-03-27T19:45:27 PDT" name="FirstInSuite" finished-at="2023-03-27T19:45:27 PDT" duration-ms="20" status="PASS">
          <reporter-output>
          </reporter-output>
        </test-method> <!-- FirstInSuite -->
      </class> <!-- testng.Proj1_Basics2 -->
      <class name="testng.Proj1_Basics3">
        <test-method is-config="true" signature="FirstExecution()[pri:0, instance:testng.Proj1_Basics3@d86a6f]" started-at="2023-03-27T19:45:27 PDT" name="FirstExecution" finished-at="2023-03-27T19:45:27 PDT" duration-ms="0" status="PASS">
          <reporter-output>
          </reporter-output>
        </test-method> <!-- FirstExecution -->
        <test-method is-config="true" signature="BeforeMethod()[pri:0, instance:testng.Proj1_Basics3@d86a6f]" started-at="2023-03-27T19:45:27 PDT" name="BeforeMethod" finished-at="2023-03-27T19:45:27 PDT" duration-ms="0" status="PASS">
          <reporter-output>
          </reporter-output>
        </test-method> <!-- BeforeMethod -->
        <test-method signature="FifthMethod()[pri:0, instance:testng.Proj1_Basics3@d86a6f]" started-at="2023-03-27T19:45:27 PDT" name="FifthMethod" finished-at="2023-03-27T19:45:28 PDT" duration-ms="6" status="PASS">
          <reporter-output>
          </reporter-output>
        </test-method> <!-- FifthMethod -->
        <test-method is-config="true" signature="AfterMethod()[pri:0, instance:testng.Proj1_Basics3@d86a6f]" started-at="2023-03-27T19:45:28 PDT" name="AfterMethod" finished-at="2023-03-27T19:45:28 PDT" duration-ms="0" status="PASS">
          <reporter-output>
          </reporter-output>
        </test-method> <!-- AfterMethod -->
        <test-method is-config="true" signature="BeforeMethod()[pri:0, instance:testng.Proj1_Basics3@d86a6f]" started-at="2023-03-27T19:45:28 PDT" name="BeforeMethod" finished-at="2023-03-27T19:45:28 PDT" duration-ms="1" status="PASS">
          <reporter-output>
          </reporter-output>
        </test-method> <!-- BeforeMethod -->
        <test-method signature="SeventhMethod(java.lang.String,java.lang.String,java.lang.String)[pri:0, instance:testng.Proj1_Basics3@d86a6f]" started-at="2023-03-27T19:45:28 PDT" name="SeventhMethod" data-provider="getData" finished-at="2023-03-27T19:45:28 PDT" duration-ms="2" status="PASS">
          <params>
            <param index="0">
              <value>
                <![CDATA[1abcd]]>
              </value>
            </param>
            <param index="1">
              <value>
                <![CDATA[1xyz]]>
              </value>
            </param>
            <param index="2">
              <value>
                <![CDATA[1dsaf]]>
              </value>
            </param>
          </params>
          <reporter-output>
          </reporter-output>
        </test-method> <!-- SeventhMethod -->
        <test-method is-config="true" signature="AfterMethod()[pri:0, instance:testng.Proj1_Basics3@d86a6f]" started-at="2023-03-27T19:45:28 PDT" name="AfterMethod" finished-at="2023-03-27T19:45:28 PDT" duration-ms="0" status="PASS">
          <reporter-output>
          </reporter-output>
        </test-method> <!-- AfterMethod -->
        <test-method signature="SeventhMethod(java.lang.String,java.lang.String,java.lang.String)[pri:0, instance:testng.Proj1_Basics3@d86a6f]" started-at="2023-03-27T19:45:28 PDT" name="SeventhMethod" data-provider="getData" finished-at="2023-03-27T19:45:28 PDT" duration-ms="1" status="PASS">
          <params>
            <param index="0">
              <value>
                <![CDATA[2abcd]]>
              </value>
            </param>
            <param index="1">
              <value>
                <![CDATA[2xyz]]>
              </value>
            </param>
            <param index="2">
              <value>
                <![CDATA[2dsaf]]>
              </value>
            </param>
          </params>
          <reporter-output>
          </reporter-output>
        </test-method> <!-- SeventhMethod -->
        <test-method is-config="true" signature="BeforeMethod()[pri:0, instance:testng.Proj1_Basics3@d86a6f]" started-at="2023-03-27T19:45:28 PDT" name="BeforeMethod" finished-at="2023-03-27T19:45:28 PDT" duration-ms="0" status="PASS">
          <reporter-output>
          </reporter-output>
        </test-method> <!-- BeforeMethod -->
        <test-method is-config="true" signature="AfterMethod()[pri:0, instance:testng.Proj1_Basics3@d86a6f]" started-at="2023-03-27T19:45:28 PDT" name="AfterMethod" finished-at="2023-03-27T19:45:28 PDT" duration-ms="0" status="PASS">
          <reporter-output>
          </reporter-output>
        </test-method> <!-- AfterMethod -->
        <test-method is-config="true" signature="BeforeMethod()[pri:0, instance:testng.Proj1_Basics3@d86a6f]" started-at="2023-03-27T19:45:28 PDT" name="BeforeMethod" finished-at="2023-03-27T19:45:28 PDT" duration-ms="0" status="PASS">
          <reporter-output>
          </reporter-output>
        </test-method> <!-- BeforeMethod -->
        <test-method signature="SeventhMethod(java.lang.String,java.lang.String,java.lang.String)[pri:0, instance:testng.Proj1_Basics3@d86a6f]" started-at="2023-03-27T19:45:28 PDT" name="SeventhMethod" data-provider="getData" finished-at="2023-03-27T19:45:28 PDT" duration-ms="1" status="PASS">
          <params>
            <param index="0">
              <value>
                <![CDATA[3abcd]]>
              </value>
            </param>
            <param index="1">
              <value>
                <![CDATA[3xyz]]>
              </value>
            </param>
            <param index="2">
              <value>
                <![CDATA[3dsaf]]>
              </value>
            </param>
          </params>
          <reporter-output>
          </reporter-output>
        </test-method> <!-- SeventhMethod -->
        <test-method is-config="true" signature="AfterMethod()[pri:0, instance:testng.Proj1_Basics3@d86a6f]" started-at="2023-03-27T19:45:28 PDT" name="AfterMethod" finished-at="2023-03-27T19:45:28 PDT" duration-ms="0" status="PASS">
          <reporter-output>
          </reporter-output>
        </test-method> <!-- AfterMethod -->
        <test-method is-config="true" signature="BeforeMethod()[pri:0, instance:testng.Proj1_Basics3@d86a6f]" started-at="2023-03-27T19:45:28 PDT" name="BeforeMethod" finished-at="2023-03-27T19:45:28 PDT" duration-ms="0" status="PASS">
          <reporter-output>
          </reporter-output>
        </test-method> <!-- BeforeMethod -->
        <test-method signature="SixthMethod(java.lang.String,java.lang.String)[pri:0, instance:testng.Proj1_Basics3@d86a6f]" started-at="2023-03-27T19:45:28 PDT" name="SixthMethod" finished-at="2023-03-27T19:45:28 PDT" duration-ms="1" status="PASS">
          <params>
            <param index="0">
              <value>
                <![CDATA[https://facebook.com]]>
              </value>
            </param>
            <param index="1">
              <value>
                <![CDATA[Reshmi]]>
              </value>
            </param>
          </params>
          <reporter-output>
          </reporter-output>
        </test-method> <!-- SixthMethod -->
        <test-method is-config="true" signature="AfterMethod()[pri:0, instance:testng.Proj1_Basics3@d86a6f]" started-at="2023-03-27T19:45:28 PDT" name="AfterMethod" finished-at="2023-03-27T19:45:28 PDT" duration-ms="1" status="PASS">
          <reporter-output>
          </reporter-output>
        </test-method> <!-- AfterMethod -->
        <test-method is-config="true" signature="BeforeClass()[pri:0, instance:testng.Proj1_Basics3@d86a6f]" started-at="2023-03-27T19:45:28 PDT" name="BeforeClass" finished-at="2023-03-27T19:45:28 PDT" duration-ms="0" status="PASS">
          <reporter-output>
          </reporter-output>
        </test-method> <!-- BeforeClass -->
        <test-method is-config="true" signature="FirstInSuite()[pri:0, instance:testng.Proj1_Basics3@d86a6f]" started-at="2023-03-27T19:45:28 PDT" name="FirstInSuite" finished-at="2023-03-27T19:45:28 PDT" duration-ms="0" status="PASS">
          <reporter-output>
          </reporter-output>
        </test-method> <!-- FirstInSuite -->
      </class> <!-- testng.Proj1_Basics3 -->
    </test> <!-- Test2 -->
    <test started-at="2023-03-27T19:45:27 PDT" name="Test1" finished-at="2023-03-27T19:45:28 PDT" duration-ms="133">
      <class name="testng.Proj1_Basics1">
        <test-method signature="SecondMethod1()[pri:0, instance:testng.Proj1_Basics1@17497425]" started-at="2023-03-27T19:45:27 PDT" name="SecondMethod1" finished-at="2023-03-27T19:45:28 PDT" duration-ms="20" status="PASS">
          <reporter-output>
          </reporter-output>
        </test-method> <!-- SecondMethod1 -->
        <test-method signature="FirstMethod(java.lang.String)[pri:0, instance:testng.Proj1_Basics1@17497425]" started-at="2023-03-27T19:45:28 PDT" name="FirstMethod" finished-at="2023-03-27T19:45:28 PDT" duration-ms="7" status="PASS">
          <params>
            <param index="0">
              <value>
                <![CDATA[https://google.com]]>
              </value>
            </param>
          </params>
          <reporter-output>
          </reporter-output>
        </test-method> <!-- FirstMethod -->
        <test-method signature="SecondMethod2()[pri:0, instance:testng.Proj1_Basics1@17497425]" started-at="2023-03-27T19:45:28 PDT" name="SecondMethod2" finished-at="2023-03-27T19:45:28 PDT" depends-on-methods="testng.Proj1_Basics1.SecondMethod1" duration-ms="3" status="FAIL">
          <exception class="java.lang.AssertionError">
            <message>
              <![CDATA[expected [true] but found [false]]]>
            </message>
            <full-stacktrace>
              <![CDATA[java.lang.AssertionError: expected [true] but found [false]
at org.testng.Assert.fail(Assert.java:99)
at org.testng.Assert.failNotEquals(Assert.java:1037)
at org.testng.Assert.assertTrue(Assert.java:45)
at org.testng.Assert.assertTrue(Assert.java:55)
at testng.Proj1_Basics1.SecondMethod2(Proj1_Basics1.java:43)
at java.base/jdk.internal.reflect.NativeMethodAccessorImpl.invoke0(Native Method)
at java.base/jdk.internal.reflect.NativeMethodAccessorImpl.invoke(NativeMethodAccessorImpl.java:64)
at java.base/jdk.internal.reflect.DelegatingMethodAccessorImpl.invoke(DelegatingMethodAccessorImpl.java:43)
at java.base/java.lang.reflect.Method.invoke(Method.java:564)
at org.testng.internal.MethodInvocationHelper.invokeMethod(MethodInvocationHelper.java:133)
at org.testng.internal.TestInvoker.invokeMethod(TestInvoker.java:598)
at org.testng.internal.TestInvoker.invokeTestMethod(TestInvoker.java:173)
at org.testng.internal.MethodRunner.runInSequence(MethodRunner.java:46)
at org.testng.internal.TestInvoker$MethodInvocationAgent.invoke(TestInvoker.java:824)
at org.testng.internal.TestInvoker.invokeTestMethods(TestInvoker.java:146)
at org.testng.internal.TestMethodWorker.invokeTestMethods(TestMethodWorker.java:146)
at org.testng.internal.TestMethodWorker.run(TestMethodWorker.java:128)
at java.base/java.util.concurrent.ThreadPoolExecutor.runWorker(ThreadPoolExecutor.java:1130)
at java.base/java.util.concurrent.ThreadPoolExecutor$Worker.run(ThreadPoolExecutor.java:630)
at java.base/java.lang.Thread.run(Thread.java:832)
]]>
            </full-stacktrace>
          </exception> <!-- java.lang.AssertionError -->
          <reporter-output>
          </reporter-output>
        </test-method> <!-- SecondMethod2 -->
        <test-method is-config="true" signature="LastExecution()[pri:0, instance:testng.Proj1_Basics1@17497425]" started-at="2023-03-27T19:45:28 PDT" name="LastExecution" finished-at="2023-03-27T19:45:28 PDT" duration-ms="2" status="PASS">
          <reporter-output>
          </reporter-output>
        </test-method> <!-- LastExecution -->
      </class> <!-- testng.Proj1_Basics1 -->
      <class name="testng.Proj1_Basics2">
        <test-method is-config="true" signature="BeforeClass()[pri:0, instance:testng.Proj1_Basics2@437da279]" started-at="2023-03-27T19:45:27 PDT" name="BeforeClass" finished-at="2023-03-27T19:45:27 PDT" duration-ms="0" status="PASS">
          <reporter-output>
          </reporter-output>
        </test-method> <!-- BeforeClass -->
        <test-method is-config="true" signature="BeforeMethod()[pri:0, instance:testng.Proj1_Basics2@437da279]" started-at="2023-03-27T19:45:27 PDT" name="BeforeMethod" finished-at="2023-03-27T19:45:27 PDT" duration-ms="0" status="PASS">
          <reporter-output>
          </reporter-output>
        </test-method> <!-- BeforeMethod -->
        <test-method signature="FourthMethod()[pri:0, instance:testng.Proj1_Basics2@437da279]" started-at="2023-03-27T19:45:27 PDT" name="FourthMethod" finished-at="2023-03-27T19:45:28 PDT" duration-ms="11" status="PASS">
          <reporter-output>
          </reporter-output>
        </test-method> <!-- FourthMethod -->
      </class> <!-- testng.Proj1_Basics2 -->
    </test> <!-- Test1 -->
  </suite> <!-- Suite -->
</testng-results>
